4000
Coefficients:  -1.0127778013777535 0.5489759678803606 -0.5270718948251933 2.084209496613888
crzs, toffolis, thetas:
2 3 [3.038333404133261, 1.0127778013777533]
crzs, toffolis, thetas:
2 3 [1.6469279036410818, 0.5489759678803606]
crzs, toffolis, thetas:
2 3 [1.5812156844755805, 0.5270718948251929]
crzs, toffolis, thetas:
2 0 [1.042104748306944]
crzs, toffolis, thetas:
2 0 [1.042104748306944]
crzs, toffolis, thetas:
2 0 [1.042104748306944]
crzs, toffolis, thetas:
2 0 [1.042104748306944]
crzs, toffolis, thetas:
2 0 [1.042104748306944]
crzs, toffolis, thetas:
2 0 [1.042104748306944]
Running N=74:   0%|          | 0/100 [00:00<?, ?it/s]